[0mCompiling "resources/public/js/main.js" from ["src"]...[0m
[32mSuccessfully compiled "resources/public/js/main.js" in 0.414 seconds.[0m
notifying browser that file changed:  resources/public/js/main.js
notifying browser that file changed:  resources/public/js/cljs-dev/goog/deps.js
notifying browser that file changed:  resources/public/js/cljs-dev/projone/core.js
[0mCompiling "resources/public/js/main.js" from ["src"]...[0m
[32mSuccessfully compiled "resources/public/js/main.js" in 0.404 seconds.[0m
notifying browser that file changed:  resources/public/js/cljs-dev/projone/core.js
[0mCompiling "resources/public/js/main.js" from ["src"]...[0m
[32mSuccessfully compiled "resources/public/js/main.js" in 0.363 seconds.[0m
notifying browser that file changed:  resources/public/js/cljs-dev/projone/core.js
[0mCompiling "resources/public/js/main.js" from ["src"]...[0m
[32mSuccessfully compiled "resources/public/js/main.js" in 0.337 seconds.[0m
notifying browser that file changed:  resources/public/js/cljs-dev/projone/core.js
[0mCompiling "resources/public/js/main.js" from ["src"]...[0m
[32mSuccessfully compiled "resources/public/js/main.js" in 0.258 seconds.[0m
Notifying browser that CSS file changed: resources/public/stylesheets/styles.css
Notifying browser that CSS file changed: resources/public/stylesheets/styles.css
Notifying browser that CSS file changed: resources/public/stylesheets/styles.css
Notifying browser that CSS file changed: resources/public/stylesheets/styles.css
